16-Jun-20 4:55:26 PM	This log contains information about the import schema operation into project 'EDW' on computer 'LAPPYTHING' by user 'blah'.
16-Jun-20 4:55:26 PM	Import of database schema has started.
16-Jun-20 4:55:33 PM	Gathering database credentials
16-Jun-20 4:55:33 PM	Gathering database options
16-Jun-20 4:55:33 PM	Gathering users
16-Jun-20 4:55:33 PM	Gathering roles
16-Jun-20 4:55:33 PM	Gathering application roles
16-Jun-20 4:55:33 PM	Gathering role memberships
16-Jun-20 4:55:33 PM	Gathering filegroups
16-Jun-20 4:55:33 PM	Gathering full-text catalogs
16-Jun-20 4:55:33 PM	Gathering assemblies
16-Jun-20 4:55:33 PM	Gathering certificates
16-Jun-20 4:55:33 PM	Gathering asymmetric keys
16-Jun-20 4:55:33 PM	Gathering symmetric keys
16-Jun-20 4:55:33 PM	Gathering encrypted symmetric keys
16-Jun-20 4:55:33 PM	Gathering schemas
16-Jun-20 4:55:33 PM	Gathering XML schema collections
16-Jun-20 4:55:33 PM	Gathering user-defined data types
16-Jun-20 4:55:33 PM	Gathering user-defined types
16-Jun-20 4:55:33 PM	Gathering table types
16-Jun-20 4:55:33 PM	Gathering unique keys for table types
16-Jun-20 4:55:33 PM	Gathering primary keys for table types
16-Jun-20 4:55:33 PM	Gathering indexes for table types
16-Jun-20 4:55:33 PM	Gathering check constraints for table types
16-Jun-20 4:55:33 PM	Gathering default constraints for table types
16-Jun-20 4:55:33 PM	Gathering partition functions
16-Jun-20 4:55:33 PM	Gathering partition schemes
16-Jun-20 4:55:33 PM	Gathering functions
16-Jun-20 4:55:33 PM	Gathering encrypted functions
16-Jun-20 4:55:33 PM	Gathering aggregates
16-Jun-20 4:55:33 PM	Gathering procedures
16-Jun-20 4:55:33 PM	Gathering encrypted procedures
16-Jun-20 4:55:33 PM	Gathering tables
16-Jun-20 4:55:34 PM	Gathering primary keys
16-Jun-20 4:55:34 PM	Gathering unique constraints
16-Jun-20 4:55:34 PM	Gathering foreign keys
16-Jun-20 4:55:34 PM	Gathering default constraints
16-Jun-20 4:55:34 PM	Gathering check constraints
16-Jun-20 4:55:34 PM	Gathering views
16-Jun-20 4:55:34 PM	Gathering encrypted views
16-Jun-20 4:55:34 PM	Gathering indexes
16-Jun-20 4:55:34 PM	Gathering statistics
16-Jun-20 4:55:34 PM	Gathering full-text index stoplists
16-Jun-20 4:55:34 PM	Gathering search property lists
16-Jun-20 4:55:34 PM	Gathering search properties
16-Jun-20 4:55:34 PM	Gathering full-text indexes
16-Jun-20 4:55:34 PM	Gathering column store indexes
16-Jun-20 4:55:34 PM	Gathering spatial indexes
16-Jun-20 4:55:34 PM	Gathering XML indexes
16-Jun-20 4:55:34 PM	Gathering Selective XML indexes
16-Jun-20 4:55:34 PM	Gathering encrypted triggers
16-Jun-20 4:55:34 PM	Gathering triggers
16-Jun-20 4:55:34 PM	Gathering encrypted and clr ddl triggers
16-Jun-20 4:55:34 PM	Gathering ddl triggers
16-Jun-20 4:55:34 PM	Gathering synonyms
16-Jun-20 4:55:34 PM	Gathering defaults
16-Jun-20 4:55:34 PM	Gathering data constraint uddt bindings
16-Jun-20 4:55:34 PM	Gathering rules
16-Jun-20 4:55:34 PM	Gathering data constraint uddt bindings
16-Jun-20 4:55:34 PM	Gathering message types
16-Jun-20 4:55:34 PM	Gathering queues
16-Jun-20 4:55:34 PM	Gathering contracts
16-Jun-20 4:55:34 PM	Gathering services
16-Jun-20 4:55:34 PM	Gathering event notifications
16-Jun-20 4:55:34 PM	Gathering remote service bindings
16-Jun-20 4:55:34 PM	Gathering broker priorities
16-Jun-20 4:55:34 PM	Gathering signatures
16-Jun-20 4:55:34 PM	Gathering data compression options
16-Jun-20 4:55:34 PM	Gathering sequence types
16-Jun-20 4:55:34 PM	Gathering security policies
16-Jun-20 4:55:34 PM	Gather column encryption keys
16-Jun-20 4:55:34 PM	Gathering column master keys
16-Jun-20 4:55:34 PM	Gathering external data sources
16-Jun-20 4:55:34 PM	Gathering external file formats
16-Jun-20 4:55:34 PM	Gathering external tables
16-Jun-20 4:55:34 PM	Gathering extended properties
16-Jun-20 4:55:34 PM	Gathering credentials
16-Jun-20 4:55:34 PM	Gathering logins
16-Jun-20 4:55:34 PM	Gathering server audits
16-Jun-20 4:55:34 PM	Scanning project for duplicate elements
16-Jun-20 4:55:35 PM	Finished duplicate element processing
16-Jun-20 4:55:35 PM	Finished importing database.
16-Jun-20 4:55:35 PM	A summary of the import was saved to the following location: C:\Users\blah\source\repos\BIML-ETL-Framework\EDW\Import Schema Logs\EDW_20200616072526.log
16-Jun-20 4:55:35 PM	Click Finish to continue...
